  [4;36;1mSQL (0.2ms)[0m   [0;1mSET client_min_messages TO 'panic'[0m
  [4;35;1mSQL (0.2ms)[0m   [0mSET standard_conforming_strings = on[0m
  [4;36;1mSQL (0.1ms)[0m   [0;1mSET client_min_messages TO 'notice'[0m
  [4;35;1mSQL (4.6ms)[0m   [0mCREATE TABLE "schema_migrations" ("version" character varying(255) NOT NULL) [0m
  [4;36;1mSQL (2.5ms)[0m   [0;1mCREATE UNIQUE INDEX "unique_schema_migrations" ON "schema_migrations" ("version")[0m
  [4;35;1mSQL (0.2ms)[0m   [0mSELECT version FROM schema_migrations[0m
  [4;36;1mSQL (0.2ms)[0m   [0;1mSELECT version FROM schema_migrations[0m
  [4;35;1mSQL (0.4ms)[0m   [0mSELECT version FROM schema_migrations[0m
Migrating to CreateRadiantTables (1)
  [4;36;1mSQL (0.2ms)[0m   [0;1mBEGIN[0m
  [4;35;1mSQL (3.9ms)[0m   [0mCREATE TABLE "config" ("id" serial primary key, "key" character varying(40) DEFAULT '' NOT NULL, "value" character varying(255) DEFAULT '') [0m
  [4;36;1mSQL (0.8ms)[0m   [0;1mCREATE UNIQUE INDEX "key" ON "config" ("key")[0m
  [4;35;1mSQL (3.2ms)[0m   [0mCREATE TABLE "pages" ("id" serial primary key, "title" character varying(255), "slug" character varying(100), "breadcrumb" character varying(160), "behavior" character varying(25), "status_id" integer DEFAULT 1 NOT NULL, "parent_id" integer, "layout_id" integer, "created_at" timestamp, "updated_at" timestamp, "published_at" timestamp, "created_by" integer, "updated_by" integer) [0m
  [4;36;1mSQL (5.5ms)[0m   [0;1mCREATE TABLE "page_parts" ("id" serial primary key, "name" character varying(100), "filter" character varying(25), "content" text, "page_id" integer) [0m
  [4;35;1mSQL (4.6ms)[0m   [0mCREATE TABLE "snippets" ("id" serial primary key, "name" character varying(100) DEFAULT '' NOT NULL, "filter" character varying(25), "content" text, "created_at" timestamp, "updated_at" timestamp, "created_by" integer, "updated_by" integer) [0m
  [4;36;1mSQL (1.1ms)[0m   [0;1mCREATE UNIQUE INDEX "name" ON "snippets" ("name")[0m
  [4;35;1mSQL (5.1ms)[0m   [0mCREATE TABLE "layouts" ("id" serial primary key, "name" character varying(100), "content" text, "created_at" timestamp, "updated_at" timestamp, "created_by" integer, "updated_by" integer) [0m
  [4;36;1mSQL (3.8ms)[0m   [0;1mCREATE TABLE "users" ("id" serial primary key, "name" character varying(100), "email" character varying(255), "login" character varying(40) DEFAULT '' NOT NULL, "password" character varying(40), "admin" smallint DEFAULT 0 NOT NULL, "developer" smallint DEFAULT 0 NOT NULL, "created_at" timestamp, "updated_at" timestamp, "created_by" integer, "updated_by" integer) [0m
  [4;35;1mSQL (0.9ms)[0m   [0mCREATE UNIQUE INDEX "login" ON "users" ("login")[0m
  [4;36;1mSQL (0.6ms)[0m   [0;1mINSERT INTO schema_migrations (version) VALUES ('1')[0m
  [4;35;1mSQL (1.1ms)[0m   [0mCOMMIT[0m
Migrating to InsertInitialData (2)
  [4;36;1mSQL (0.6ms)[0m   [0;1mBEGIN[0m
  [4;35;1mSQL (0.3ms)[0m   [0mINSERT INTO schema_migrations (version) VALUES ('2')[0m
  [4;36;1mSQL (0.4ms)[0m   [0;1mCOMMIT[0m
Migrating to RenameBehaviorColumn (3)
  [4;35;1mSQL (0.1ms)[0m   [0mBEGIN[0m
  [4;36;1mSQL (0.3ms)[0m   [0;1mALTER TABLE "pages" RENAME COLUMN "behavior" TO "behavior_id"[0m
  [4;35;1mSQL (0.3ms)[0m   [0mINSERT INTO schema_migrations (version) VALUES ('3')[0m
  [4;36;1mSQL (0.5ms)[0m   [0;1mCOMMIT[0m
Migrating to RenameFilterColumn (4)
  [4;35;1mSQL (0.1ms)[0m   [0mBEGIN[0m
  [4;36;1mSQL (0.5ms)[0m   [0;1mALTER TABLE "page_parts" RENAME COLUMN "filter" TO "filter_id"[0m
  [4;35;1mSQL (0.2ms)[0m   [0mALTER TABLE "snippets" RENAME COLUMN "filter" TO "filter_id"[0m
  [4;36;1mSQL (0.2ms)[0m   [0;1mINSERT INTO schema_migrations (version) VALUES ('4')[0m
  [4;35;1mSQL (1.4ms)[0m   [0mCOMMIT[0m
Migrating to AddVirtualColumnToPage (5)
  [4;36;1mSQL (0.3ms)[0m   [0;1mBEGIN[0m
  [4;35;1mSQL (0.3ms)[0m   [0mALTER TABLE "pages" ADD COLUMN "virtual" boolean[0m
  [4;36;1mSQL (0.2ms)[0m   [0;1mALTER TABLE "pages" ALTER COLUMN "virtual" SET DEFAULT 'f'[0m
  [4;35;1mSQL (0.3ms)[0m   [0mUPDATE "pages" SET "virtual"='f' WHERE "virtual" IS NULL[0m
  [4;36;1mSQL (0.1ms)[0m   [0;1mALTER TABLE "pages" ALTER "virtual" SET NOT NULL[0m
  [4;35;1mSQL (0.2ms)[0m   [0mINSERT INTO schema_migrations (version) VALUES ('5')[0m
  [4;36;1mSQL (0.5ms)[0m   [0;1mCOMMIT[0m
Migrating to IntegerColumnsToBoolean (6)
  [4;35;1mSQL (0.1ms)[0m   [0mBEGIN[0m
  [4;36;1mUser Load (0.5ms)[0m   [0;1mSELECT * FROM "users" ORDER BY name[0m
  [4;35;1mSQL (0.4ms)[0m   [0mALTER TABLE "users" DROP "admin"[0m
  [4;36;1mSQL (0.2ms)[0m   [0;1mALTER TABLE "users" ADD COLUMN "admin" boolean[0m
  [4;35;1mSQL (0.2ms)[0m   [0mALTER TABLE "users" ALTER COLUMN "admin" SET DEFAULT 'f'[0m
  [4;36;1mSQL (0.2ms)[0m   [0;1mUPDATE "users" SET "admin"='f' WHERE "admin" IS NULL[0m
  [4;35;1mSQL (0.1ms)[0m   [0mALTER TABLE "users" ALTER "admin" SET NOT NULL[0m
  [4;36;1mUser Load (0.2ms)[0m   [0;1mSELECT * FROM "users" ORDER BY name[0m
  [4;35;1mSQL (0.3ms)[0m   [0mALTER TABLE "users" DROP "developer"[0m
  [4;36;1mSQL (0.2ms)[0m   [0;1mALTER TABLE "users" ADD COLUMN "developer" boolean[0m
  [4;35;1mSQL (0.2ms)[0m   [0mALTER TABLE "users" ALTER COLUMN "developer" SET DEFAULT 'f'[0m
  [4;36;1mSQL (0.2ms)[0m   [0;1mUPDATE "users" SET "developer"='f' WHERE "developer" IS NULL[0m
  [4;35;1mSQL (0.1ms)[0m   [0mALTER TABLE "users" ALTER "developer" SET NOT NULL[0m
  [4;36;1mSQL (0.2ms)[0m   [0;1mINSERT INTO schema_migrations (version) VALUES ('6')[0m
  [4;35;1mSQL (1.0ms)[0m   [0mCOMMIT[0m
Migrating to RemoveVirtualColumnFromPage (7)
  [4;36;1mSQL (0.1ms)[0m   [0;1mBEGIN[0m
  [4;35;1mSQL (0.4ms)[0m   [0mALTER TABLE "pages" DROP "virtual"[0m
  [4;36;1mSQL (0.2ms)[0m   [0;1mINSERT INTO schema_migrations (version) VALUES ('7')[0m
  [4;35;1mSQL (0.6ms)[0m   [0mCOMMIT[0m
Migrating to AddVirtualColumnToPageAgain (8)
  [4;36;1mSQL (0.2ms)[0m   [0;1mBEGIN[0m
  [4;35;1mSQL (0.3ms)[0m   [0mALTER TABLE "pages" ADD COLUMN "virtual" boolean[0m
  [4;36;1mSQL (0.2ms)[0m   [0;1mALTER TABLE "pages" ALTER COLUMN "virtual" SET DEFAULT 'f'[0m
  [4;35;1mSQL (0.6ms)[0m   [0mUPDATE "pages" SET "virtual"='f' WHERE "virtual" IS NULL[0m
  [4;36;1mSQL (0.3ms)[0m   [0;1mALTER TABLE "pages" ALTER "virtual" SET NOT NULL[0m
  [4;35;1mSQL (0.3ms)[0m   [0mINSERT INTO schema_migrations (version) VALUES ('8')[0m
  [4;36;1mSQL (0.5ms)[0m   [0;1mCOMMIT[0m
Migrating to AddContentTypeFieldToLayout (9)
  [4;35;1mSQL (0.1ms)[0m   [0mBEGIN[0m
  [4;36;1mSQL (0.5ms)[0m   [0;1mALTER TABLE "layouts" ADD COLUMN "content_type" character varying(40)[0m
  [4;35;1mSQL (0.2ms)[0m   [0mINSERT INTO schema_migrations (version) VALUES ('9')[0m
  [4;36;1mSQL (0.6ms)[0m   [0;1mCOMMIT[0m
Migrating to MergeBehaviorsAndPages (10)
  [4;35;1mSQL (0.1ms)[0m   [0mBEGIN[0m
  [4;36;1mMergeBehaviorsAndPages::OldPage Load (0.5ms)[0m   [0;1mSELECT * FROM "pages" [0m
  [4;35;1mSQL (0.2ms)[0m   [0mALTER TABLE "pages" RENAME COLUMN "behavior_id" TO "type"[0m
  [4;36;1mSQL (0.3ms)[0m   [0;1mINSERT INTO schema_migrations (version) VALUES ('10')[0m
  [4;35;1mSQL (0.7ms)[0m   [0mCOMMIT[0m
Migrating to RenameTypeColumnOnPageToClassName (11)
  [4;36;1mSQL (0.1ms)[0m   [0;1mBEGIN[0m
  [4;35;1mSQL (0.3ms)[0m   [0mALTER TABLE "pages" RENAME COLUMN "type" TO "class_name"[0m
  [4;36;1mSQL (0.3ms)[0m   [0;1mINSERT INTO schema_migrations (version) VALUES ('11')[0m
  [4;35;1mSQL (0.6ms)[0m   [0mCOMMIT[0m
Migrating to CreateExtensionMeta (12)
  [4;36;1mSQL (0.1ms)[0m   [0;1mBEGIN[0m
  [4;35;1mSQL (2.9ms)[0m   [0mCREATE TABLE "extension_meta" ("id" serial primary key, "name" character varying(255), "schema_version" integer DEFAULT 0, "enabled" boolean DEFAULT 't') [0m
  [4;36;1mSQL (0.3ms)[0m   [0;1mINSERT INTO schema_migrations (version) VALUES ('12')[0m
  [4;35;1mSQL (0.6ms)[0m   [0mCOMMIT[0m
Migrating to AddNotesFieldToUser (13)
  [4;36;1mSQL (0.2ms)[0m   [0;1mBEGIN[0m
  [4;35;1mSQL (1.8ms)[0m   [0mALTER TABLE "users" ADD COLUMN "notes" text[0m
  [4;36;1mSQL (0.3ms)[0m   [0;1mINSERT INTO schema_migrations (version) VALUES ('13')[0m
  [4;35;1mSQL (0.5ms)[0m   [0mCOMMIT[0m
Migrating to RenameConfigDefaultPartsKey (14)
  [4;36;1mSQL (0.1ms)[0m   [0;1mBEGIN[0m
  [4;35;1mRadiant::Config Load (0.6ms)[0m   [0mSELECT * FROM "config" WHERE ("config"."key" = 'default.parts') LIMIT 1[0m
  [4;36;1mSQL (0.3ms)[0m   [0;1mINSERT INTO schema_migrations (version) VALUES ('14')[0m
  [4;35;1mSQL (0.4ms)[0m   [0mCOMMIT[0m
Migrating to AddOptimisticLocking (15)
  [4;36;1mSQL (0.1ms)[0m   [0;1mBEGIN[0m
  [4;35;1mSQL (0.3ms)[0m   [0mALTER TABLE "pages" ADD COLUMN "lock_version" integer[0m
  [4;36;1mSQL (0.2ms)[0m   [0;1mALTER TABLE "pages" ALTER COLUMN "lock_version" SET DEFAULT 0[0m
  [4;35;1mSQL (0.2ms)[0m   [0mALTER TABLE "layouts" ADD COLUMN "lock_version" integer[0m
  [4;36;1mSQL (0.2ms)[0m   [0;1mALTER TABLE "layouts" ALTER COLUMN "lock_version" SET DEFAULT 0[0m
  [4;35;1mSQL (0.2ms)[0m   [0mALTER TABLE "snippets" ADD COLUMN "lock_version" integer[0m
  [4;36;1mSQL (0.2ms)[0m   [0;1mALTER TABLE "snippets" ALTER COLUMN "lock_version" SET DEFAULT 0[0m
  [4;35;1mSQL (0.3ms)[0m   [0mALTER TABLE "users" ADD COLUMN "lock_version" integer[0m
  [4;36;1mSQL (0.4ms)[0m   [0;1mALTER TABLE "users" ALTER COLUMN "lock_version" SET DEFAULT 0[0m
  [4;35;1mSQL (0.2ms)[0m   [0mINSERT INTO schema_migrations (version) VALUES ('15')[0m
  [4;36;1mSQL (0.7ms)[0m   [0;1mCOMMIT[0m
Migrating to AddSessions (16)
  [4;35;1mSQL (0.1ms)[0m   [0mBEGIN[0m
  [4;36;1mSQL (3.8ms)[0m   [0;1mCREATE TABLE "sessions" ("id" serial primary key, "session_id" character varying(255), "data" text, "updated_at" timestamp) [0m
  [4;35;1mSQL (0.8ms)[0m   [0mCREATE INDEX "index_sessions_on_session_id" ON "sessions" ("session_id")[0m
  [4;36;1mSQL (1.1ms)[0m   [0;1mCREATE INDEX "index_sessions_on_updated_at" ON "sessions" ("updated_at")[0m
  [4;35;1mSQL (0.3ms)[0m   [0mINSERT INTO schema_migrations (version) VALUES ('16')[0m
  [4;36;1mSQL (1.2ms)[0m   [0;1mCOMMIT[0m
Migrating to RenameCreatedByUpdatedByColumns (17)
  [4;35;1mSQL (0.3ms)[0m   [0mBEGIN[0m
  [4;36;1mSQL (0.4ms)[0m   [0;1mALTER TABLE "pages" RENAME COLUMN "created_by" TO "created_by_id"[0m
  [4;35;1mSQL (0.2ms)[0m   [0mALTER TABLE "pages" RENAME COLUMN "updated_by" TO "updated_by_id"[0m
  [4;36;1mSQL (0.2ms)[0m   [0;1mALTER TABLE "snippets" RENAME COLUMN "created_by" TO "created_by_id"[0m
  [4;35;1mSQL (0.2ms)[0m   [0mALTER TABLE "snippets" RENAME COLUMN "updated_by" TO "updated_by_id"[0m
  [4;36;1mSQL (0.2ms)[0m   [0;1mALTER TABLE "layouts" RENAME COLUMN "created_by" TO "created_by_id"[0m
  [4;35;1mSQL (0.2ms)[0m   [0mALTER TABLE "layouts" RENAME COLUMN "updated_by" TO "updated_by_id"[0m
  [4;36;1mSQL (0.2ms)[0m   [0;1mALTER TABLE "users" RENAME COLUMN "created_by" TO "created_by_id"[0m
  [4;35;1mSQL (0.1ms)[0m   [0mALTER TABLE "users" RENAME COLUMN "updated_by" TO "updated_by_id"[0m
  [4;36;1mSQL (0.2ms)[0m   [0;1mINSERT INTO schema_migrations (version) VALUES ('17')[0m
  [4;35;1mSQL (0.6ms)[0m   [0mCOMMIT[0m
Migrating to AddDescriptionAndKeywordsToPages (18)
  [4;36;1mSQL (0.1ms)[0m   [0;1mBEGIN[0m
  [4;35;1mSQL (0.5ms)[0m   [0mALTER TABLE "pages" ADD COLUMN "description" character varying(255)[0m
  [4;36;1mSQL (0.2ms)[0m   [0;1mALTER TABLE "pages" ADD COLUMN "keywords" character varying(255)[0m
  [4;35;1mSQL (0.3ms)[0m   [0mINSERT INTO schema_migrations (version) VALUES ('18')[0m
  [4;36;1mSQL (0.4ms)[0m   [0;1mCOMMIT[0m
Migrating to AddSaltToUsers (19)
  [4;35;1mSQL (0.1ms)[0m   [0mBEGIN[0m
  [4;36;1mSQL (0.4ms)[0m   [0;1mALTER TABLE "users" ADD COLUMN "salt" character varying(255)[0m
  [4;35;1mUser Update (0.3ms)[0m   [0mUPDATE "users" SET "salt" = 'sweet harmonious biscuits' [0m
  [4;36;1mSQL (0.2ms)[0m   [0;1mINSERT INTO schema_migrations (version) VALUES ('19')[0m
  [4;35;1mSQL (0.5ms)[0m   [0mCOMMIT[0m
Migrating to AddSessionInfoToUsers (20)
  [4;36;1mSQL (0.1ms)[0m   [0;1mBEGIN[0m
  [4;35;1mSQL (0.3ms)[0m   [0mALTER TABLE "users" ADD COLUMN "session_token" character varying(255)[0m
  [4;36;1mSQL (0.2ms)[0m   [0;1mALTER TABLE "users" ADD COLUMN "session_expire" timestamp[0m
  [4;35;1mSQL (0.1ms)[0m   [0mINSERT INTO schema_migrations (version) VALUES ('20')[0m
  [4;36;1mSQL (0.5ms)[0m   [0;1mCOMMIT[0m
Migrating to RemoveSessionExpireFromUsers (21)
  [4;35;1mSQL (0.1ms)[0m   [0mBEGIN[0m
  [4;36;1mSQL (0.3ms)[0m   [0;1mALTER TABLE "users" DROP "session_expire"[0m
  [4;35;1mSQL (0.1ms)[0m   [0mINSERT INTO schema_migrations (version) VALUES ('21')[0m
  [4;36;1mSQL (0.4ms)[0m   [0;1mCOMMIT[0m
Migrating to AddIndexes (20081203140407)
  [4;35;1mSQL (0.1ms)[0m   [0mBEGIN[0m
  [4;36;1mSQL (1.1ms)[0m   [0;1mCREATE INDEX "pages_class_name" ON "pages" ("class_name")[0m
  [4;35;1mSQL (1.4ms)[0m   [0mCREATE INDEX "pages_parent_id" ON "pages" ("parent_id")[0m
  [4;36;1mSQL (1.3ms)[0m   [0;1mCREATE INDEX "pages_child_slug" ON "pages" ("slug", "parent_id")[0m
  [4;35;1mSQL (0.9ms)[0m   [0mCREATE INDEX "pages_published" ON "pages" ("virtual", "status_id")[0m
  [4;36;1mSQL (1.0ms)[0m   [0;1mCREATE INDEX "parts_by_page" ON "page_parts" ("page_id", "name")[0m
  [4;35;1mSQL (0.2ms)[0m   [0mINSERT INTO schema_migrations (version) VALUES ('20081203140407')[0m
  [4;36;1mSQL (0.6ms)[0m   [0;1mCOMMIT[0m
Migrating to AddUserLanguage (20090226140109)
  [4;35;1mSQL (0.1ms)[0m   [0mBEGIN[0m
  [4;36;1mSQL (0.3ms)[0m   [0;1mALTER TABLE "users" ADD COLUMN "language" character varying(255)[0m
  [4;35;1mSQL (0.3ms)[0m   [0mINSERT INTO schema_migrations (version) VALUES ('20090226140109')[0m
  [4;36;1mSQL (0.6ms)[0m   [0;1mCOMMIT[0m
Migrating to RenameDeveloperRoleToDesigner (20090929164633)
  [4;35;1mSQL (0.1ms)[0m   [0mBEGIN[0m
  [4;36;1mSQL (0.3ms)[0m   [0;1mALTER TABLE "users" RENAME COLUMN "developer" TO "designer"[0m
  [4;35;1mSQL (0.3ms)[0m   [0mINSERT INTO schema_migrations (version) VALUES ('20090929164633')[0m
  [4;36;1mSQL (0.7ms)[0m   [0;1mCOMMIT[0m
Migrating to ChangeUserLanguageToLocale (20091003095744)
  [4;35;1mSQL (0.1ms)[0m   [0mBEGIN[0m
  [4;36;1mSQL (0.4ms)[0m   [0;1mALTER TABLE "users" RENAME COLUMN "language" TO "locale"[0m
  [4;35;1mSQL (0.2ms)[0m   [0mINSERT INTO schema_migrations (version) VALUES ('20091003095744')[0m
  [4;36;1mSQL (0.4ms)[0m   [0;1mCOMMIT[0m
  [4;35;1mSQL (0.4ms)[0m   [0mSELECT version FROM schema_migrations[0m
  [4;36;1mSQL (0.2ms)[0m   [0;1mSELECT version FROM schema_migrations[0m
  [4;35;1mSQL (0.2ms)[0m   [0mSELECT version FROM schema_migrations[0m
  [4;36;1mSQL (0.3ms)[0m   [0;1mSELECT version FROM schema_migrations[0m
  [4;35;1mUser Load (0.7ms)[0m   [0mSELECT * FROM "users" WHERE ("users"."login" = 'matt') ORDER BY name LIMIT 1[0m
  [4;36;1mSQL (0.3ms)[0m   [0;1mBEGIN[0m
  [4;35;1mUser Load (0.3ms)[0m   [0mSELECT "users".id FROM "users" WHERE ("users"."login" = 'matt') LIMIT 1[0m
  [4;36;1mSQL (0.7ms)[0m   [0;1mINSERT INTO "users" ("name", "updated_by_id", "salt", "session_token", "created_at", "updated_at", "created_by_id", "notes", "admin", "designer", "lock_version", "locale", "login", "password", "email") VALUES('Matt', NULL, '7376fb5dfd3390dae3a17b932fa447b9d10e248d', NULL, '2012-01-03 01:58:30.137045', '2012-01-03 01:58:30.137045', NULL, NULL, 't', 'f', 0, NULL, 'matt', '15e889c32520da7af04cc8d5b3a7ba326ad0c571', NULL) RETURNING "id"[0m
  [4;35;1mSQL (1.2ms)[0m   [0mCOMMIT[0m
  [4;36;1mRadiant::Config Load (0.3ms)[0m   [0;1mSELECT * FROM "config" WHERE ("config"."key" = 'admin.title') LIMIT 1[0m
  [4;35;1mSQL (0.1ms)[0m   [0mBEGIN[0m
  [4;36;1mSQL (0.7ms)[0m   [0;1mINSERT INTO "config" ("value", "key") VALUES('Radiant CMS', 'admin.title') RETURNING "id"[0m
  [4;35;1mRadiant::Config Load (0.5ms)[0m   [0mSELECT * FROM "config" [0m
Cache write: Radiant::Config
Cache write: Radiant.cache_mtime
  [4;36;1mSQL (0.6ms)[0m   [0;1mCOMMIT[0m
  [4;35;1mRadiant::Config Load (0.3ms)[0m   [0mSELECT * FROM "config" WHERE ("config"."key" = 'admin.subtitle') LIMIT 1[0m
  [4;36;1mSQL (0.1ms)[0m   [0;1mBEGIN[0m
  [4;35;1mSQL (0.2ms)[0m   [0mINSERT INTO "config" ("value", "key") VALUES('Publishing for Small Teams', 'admin.subtitle') RETURNING "id"[0m
  [4;36;1mRadiant::Config Load (0.3ms)[0m   [0;1mSELECT * FROM "config" [0m
Cache write: Radiant::Config
Cache write: Radiant.cache_mtime
  [4;35;1mSQL (0.6ms)[0m   [0mCOMMIT[0m
  [4;36;1mRadiant::Config Load (0.3ms)[0m   [0;1mSELECT * FROM "config" WHERE ("config"."key" = 'defaults.page.parts') LIMIT 1[0m
  [4;35;1mSQL (0.1ms)[0m   [0mBEGIN[0m
  [4;36;1mSQL (0.3ms)[0m   [0;1mINSERT INTO "config" ("value", "key") VALUES('body, extended', 'defaults.page.parts') RETURNING "id"[0m
  [4;35;1mRadiant::Config Load (0.3ms)[0m   [0mSELECT * FROM "config" [0m
Cache write: Radiant::Config
Cache write: Radiant.cache_mtime
  [4;36;1mSQL (0.4ms)[0m   [0;1mCOMMIT[0m
  [4;35;1mRadiant::Config Load (0.5ms)[0m   [0mSELECT * FROM "config" WHERE ("config"."key" = 'defaults.page.status') LIMIT 1[0m
  [4;36;1mSQL (0.2ms)[0m   [0;1mBEGIN[0m
  [4;35;1mSQL (0.4ms)[0m   [0mINSERT INTO "config" ("value", "key") VALUES('draft', 'defaults.page.status') RETURNING "id"[0m
  [4;36;1mRadiant::Config Load (0.5ms)[0m   [0;1mSELECT * FROM "config" [0m
Cache write: Radiant::Config
Cache write: Radiant.cache_mtime
  [4;35;1mSQL (0.7ms)[0m   [0mCOMMIT[0m
  [4;36;1mRadiant::Config Load (0.2ms)[0m   [0;1mSELECT * FROM "config" WHERE ("config"."key" = 'defaults.page.filter') LIMIT 1[0m
  [4;35;1mSQL (0.1ms)[0m   [0mBEGIN[0m
  [4;36;1mSQL (0.3ms)[0m   [0;1mINSERT INTO "config" ("value", "key") VALUES('', 'defaults.page.filter') RETURNING "id"[0m
  [4;35;1mRadiant::Config Load (0.3ms)[0m   [0mSELECT * FROM "config" [0m
Cache write: Radiant::Config
Cache write: Radiant.cache_mtime
  [4;36;1mSQL (0.6ms)[0m   [0;1mCOMMIT[0m
  [4;35;1mRadiant::Config Load (0.3ms)[0m   [0mSELECT * FROM "config" WHERE ("config"."key" = 'session_timeout') LIMIT 1[0m
  [4;36;1mSQL (0.1ms)[0m   [0;1mBEGIN[0m
  [4;35;1mSQL (0.2ms)[0m   [0mINSERT INTO "config" ("value", "key") VALUES('1209600', 'session_timeout') RETURNING "id"[0m
  [4;36;1mRadiant::Config Load (0.2ms)[0m   [0;1mSELECT * FROM "config" [0m
Cache write: Radiant::Config
Cache write: Radiant.cache_mtime
  [4;35;1mSQL (0.5ms)[0m   [0mCOMMIT[0m
  [4;36;1mRadiant::Config Load (0.3ms)[0m   [0;1mSELECT * FROM "config" WHERE ("config"."key" = 'default_locale') LIMIT 1[0m
  [4;35;1mSQL (0.1ms)[0m   [0mBEGIN[0m
  [4;36;1mSQL (0.2ms)[0m   [0;1mINSERT INTO "config" ("value", "key") VALUES('en', 'default_locale') RETURNING "id"[0m
  [4;35;1mRadiant::Config Load (0.2ms)[0m   [0mSELECT * FROM "config" [0m
Cache write: Radiant::Config
Cache write: Radiant.cache_mtime
  [4;36;1mSQL (0.4ms)[0m   [0;1mCOMMIT[0m
WARNING: Can't mass-assign these protected attributes: id
  [4;35;1mSQL (0.2ms)[0m   [0mBEGIN[0m
  [4;36;1mSnippet Load (0.7ms)[0m   [0;1mSELECT "snippets".id FROM "snippets" WHERE ("snippets"."name" = 'header') LIMIT 1[0m
  [4;35;1mSQL (0.8ms)[0m   [0mINSERT INTO "snippets" ("name", "updated_by_id", "created_at", "filter_id", "updated_at", "created_by_id", "lock_version", "content") VALUES('header', NULL, '2012-01-03 01:58:33.552979', NULL, '2012-01-03 01:58:33.552979', 1, 0, '<div id="header">
 <h1><r:title /></h1>
</div>
<hr />
') RETURNING "id"[0m
  [4;36;1mSQL (1.1ms)[0m   [0;1mCOMMIT[0m
WARNING: Can't mass-assign these protected attributes: id
  [4;35;1mSQL (0.1ms)[0m   [0mBEGIN[0m
  [4;36;1mSnippet Load (0.6ms)[0m   [0;1mSELECT "snippets".id FROM "snippets" WHERE ("snippets"."name" = 'footer') LIMIT 1[0m
  [4;35;1mSQL (0.5ms)[0m   [0mINSERT INTO "snippets" ("name", "updated_by_id", "created_at", "filter_id", "updated_at", "created_by_id", "lock_version", "content") VALUES('footer', NULL, '2012-01-03 01:58:33.561217', NULL, '2012-01-03 01:58:33.561217', 1, 0, '<hr />
<div id="footer">
 <p>Powered by <a href="http://radiantcms.org/">Radiant CMS</a></p>
</div>
') RETURNING "id"[0m
  [4;36;1mSQL (0.7ms)[0m   [0;1mCOMMIT[0m
WARNING: Can't mass-assign these protected attributes: id
  [4;35;1mSQL (0.1ms)[0m   [0mBEGIN[0m
  [4;36;1mPage Load (0.6ms)[0m   [0;1mSELECT "pages".id FROM "pages" WHERE ("pages"."slug" = '/' AND "pages".parent_id IS NULL) LIMIT 1[0m
  [4;35;1mSQL (1.0ms)[0m   [0mINSERT INTO "pages" ("slug", "class_name", "updated_by_id", "created_at", "title", "virtual", "updated_at", "created_by_id", "lock_version", "breadcrumb", "parent_id", "status_id", "published_at", "description", "layout_id", "keywords") VALUES('/', NULL, NULL, '2012-01-03 01:58:33.589091', 'Home Page', 'f', '2012-01-03 01:58:33.589091', 1, 0, 'Home', NULL, 100, '2012-01-02 18:58:33.588585', NULL, 1, NULL) RETURNING "id"[0m
  [4;36;1mSQL (1.2ms)[0m   [0;1mCOMMIT[0m
WARNING: Can't mass-assign these protected attributes: id
  [4;35;1mSQL (0.4ms)[0m   [0mBEGIN[0m
  [4;36;1mPage Load (0.7ms)[0m   [0;1mSELECT "pages".id FROM "pages" WHERE ("pages"."slug" = 'file-not-found' AND "pages".parent_id = 1) LIMIT 1[0m
  [4;35;1mSQL (0.6ms)[0m   [0mINSERT INTO "pages" ("slug", "class_name", "updated_by_id", "created_at", "title", "virtual", "updated_at", "created_by_id", "lock_version", "breadcrumb", "parent_id", "status_id", "published_at", "description", "layout_id", "keywords") VALUES('file-not-found', 'FileNotFoundPage', NULL, '2012-01-03 01:58:33.621651', 'File Not Found', 't', '2012-01-03 01:58:33.621651', 1, 0, 'File Not Found', 1, 100, '2012-01-02 18:58:33.621301', NULL, NULL, NULL) RETURNING "id"[0m
  [4;36;1mSQL (0.7ms)[0m   [0;1mCOMMIT[0m
WARNING: Can't mass-assign these protected attributes: id
  [4;35;1mSQL (0.4ms)[0m   [0mBEGIN[0m
  [4;36;1mPage Load (0.5ms)[0m   [0;1mSELECT "pages".id FROM "pages" WHERE ("pages"."slug" = 'rss' AND "pages".parent_id = 1) LIMIT 1[0m
  [4;35;1mSQL (0.8ms)[0m   [0mINSERT INTO "pages" ("slug", "class_name", "updated_by_id", "created_at", "title", "virtual", "updated_at", "created_by_id", "lock_version", "breadcrumb", "parent_id", "status_id", "published_at", "description", "layout_id", "keywords") VALUES('rss', NULL, NULL, '2012-01-03 01:58:33.641755', 'RSS Feed', 'f', '2012-01-03 01:58:33.641755', 1, 0, 'RSS Feed', 1, 100, '2012-01-02 18:58:33.641348', NULL, 3, NULL) RETURNING "id"[0m
  [4;36;1mSQL (0.7ms)[0m   [0;1mCOMMIT[0m
WARNING: Can't mass-assign these protected attributes: id
  [4;35;1mSQL (0.2ms)[0m   [0mBEGIN[0m
  [4;36;1mPage Load (0.6ms)[0m   [0;1mSELECT "pages".id FROM "pages" WHERE ("pages"."slug" = 'articles' AND "pages".parent_id = 1) LIMIT 1[0m
  [4;35;1mSQL (0.6ms)[0m   [0mINSERT INTO "pages" ("slug", "class_name", "updated_by_id", "created_at", "title", "virtual", "updated_at", "created_by_id", "lock_version", "breadcrumb", "parent_id", "status_id", "published_at", "description", "layout_id", "keywords") VALUES('articles', 'ArchivePage', NULL, '2012-01-03 01:58:33.670367', 'Articles', 'f', '2012-01-03 01:58:33.670367', 1, 0, 'Articles', 1, 100, '2012-01-02 18:58:33.670015', NULL, NULL, NULL) RETURNING "id"[0m
  [4;36;1mSQL (0.7ms)[0m   [0;1mCOMMIT[0m
WARNING: Can't mass-assign these protected attributes: id
  [4;35;1mSQL (0.1ms)[0m   [0mBEGIN[0m
  [4;36;1mPage Load (0.4ms)[0m   [0;1mSELECT "pages".id FROM "pages" WHERE ("pages"."slug" = 'first-post' AND "pages".parent_id = 4) LIMIT 1[0m
  [4;35;1mSQL (0.7ms)[0m   [0mINSERT INTO "pages" ("slug", "class_name", "updated_by_id", "created_at", "title", "virtual", "updated_at", "created_by_id", "lock_version", "breadcrumb", "parent_id", "status_id", "published_at", "description", "layout_id", "keywords") VALUES('first-post', NULL, NULL, '2012-01-03 01:58:33.690375', 'First Post', 'f', '2012-01-03 01:58:33.690375', 1, 0, 'First Post', 4, 100, '2012-01-02 18:58:33.689995', NULL, NULL, NULL) RETURNING "id"[0m
  [4;36;1mSQL (0.7ms)[0m   [0;1mCOMMIT[0m
WARNING: Can't mass-assign these protected attributes: id
  [4;35;1mSQL (0.2ms)[0m   [0mBEGIN[0m
  [4;36;1mPage Load (0.6ms)[0m   [0;1mSELECT "pages".id FROM "pages" WHERE ("pages"."slug" = 'second-post' AND "pages".parent_id = 4) LIMIT 1[0m
  [4;35;1mSQL (0.7ms)[0m   [0mINSERT INTO "pages" ("slug", "class_name", "updated_by_id", "created_at", "title", "virtual", "updated_at", "created_by_id", "lock_version", "breadcrumb", "parent_id", "status_id", "published_at", "description", "layout_id", "keywords") VALUES('second-post', NULL, NULL, '2012-01-03 01:58:33.710417', 'Second Post', 'f', '2012-01-03 01:58:33.710417', 1, 0, 'Second Post', 4, 100, '2012-01-02 18:58:33.710042', NULL, NULL, NULL) RETURNING "id"[0m
  [4;36;1mSQL (0.7ms)[0m   [0;1mCOMMIT[0m
WARNING: Can't mass-assign these protected attributes: id
  [4;35;1mSQL (0.1ms)[0m   [0mBEGIN[0m
  [4;36;1mPage Load (0.4ms)[0m   [0;1mSELECT "pages".id FROM "pages" WHERE ("pages"."slug" = 'styles.css' AND "pages".parent_id = 1) LIMIT 1[0m
  [4;35;1mSQL (0.8ms)[0m   [0mINSERT INTO "pages" ("slug", "class_name", "updated_by_id", "created_at", "title", "virtual", "updated_at", "created_by_id", "lock_version", "breadcrumb", "parent_id", "status_id", "published_at", "description", "layout_id", "keywords") VALUES('styles.css', NULL, NULL, '2012-01-03 01:58:33.730013', 'Styles', 'f', '2012-01-03 01:58:33.730013', 1, 0, 'Styles', 1, 100, '2012-01-02 18:58:33.729638', NULL, 2, NULL) RETURNING "id"[0m
  [4;36;1mSQL (0.6ms)[0m   [0;1mCOMMIT[0m
WARNING: Can't mass-assign these protected attributes: id
  [4;35;1mSQL (0.4ms)[0m   [0mBEGIN[0m
  [4;36;1mLayout Load (0.5ms)[0m   [0;1mSELECT "layouts".id FROM "layouts" WHERE ("layouts"."name" = 'Normal') LIMIT 1[0m
  [4;35;1mSQL (0.6ms)[0m   [0mINSERT INTO "layouts" ("name", "updated_by_id", "created_at", "content_type", "updated_at", "created_by_id", "lock_version", "content") VALUES('Normal', NULL, '2012-01-03 01:58:33.737795', NULL, '2012-01-03 01:58:33.737795', 1, 0, '<!DOCTYPE html PUBLIC "-//W3C//DTD XHTML 1.1//EN"
 "http://www.w3.org/TR/xhtml11/DTD/xhtml11.dtd">
<html>
 <head>
 <title><r:title /></title>
 <link href="/rss/" rel="alternate" title="RSS" type="application/rss+xml" />
 <link rel="stylesheet" type="text/css" href="/styles.css" />
 </head>
 <body>
 <r:snippet name="header" />
 <div id="content">
 <r:content />
 <div id="extended">
 <r:content part="extended" />
 </div>
 </div>
 <r:snippet name="footer" />
 </body>
</html>
') RETURNING "id"[0m
  [4;36;1mSQL (0.9ms)[0m   [0;1mCOMMIT[0m
WARNING: Can't mass-assign these protected attributes: id
  [4;35;1mSQL (0.1ms)[0m   [0mBEGIN[0m
  [4;36;1mLayout Load (0.3ms)[0m   [0;1mSELECT "layouts".id FROM "layouts" WHERE ("layouts"."name" = 'Stylesheet') LIMIT 1[0m
  [4;35;1mSQL (0.5ms)[0m   [0mINSERT INTO "layouts" ("name", "updated_by_id", "created_at", "content_type", "updated_at", "created_by_id", "lock_version", "content") VALUES('Stylesheet', NULL, '2012-01-03 01:58:33.744267', 'text/css', '2012-01-03 01:58:33.744267', 1, 0, '<r:content />
') RETURNING "id"[0m
  [4;36;1mSQL (0.5ms)[0m   [0;1mCOMMIT[0m
WARNING: Can't mass-assign these protected attributes: id
  [4;35;1mSQL (0.1ms)[0m   [0mBEGIN[0m
  [4;36;1mLayout Load (0.2ms)[0m   [0;1mSELECT "layouts".id FROM "layouts" WHERE ("layouts"."name" = 'XML Feed') LIMIT 1[0m
  [4;35;1mSQL (0.3ms)[0m   [0mINSERT INTO "layouts" ("name", "updated_by_id", "created_at", "content_type", "updated_at", "created_by_id", "lock_version", "content") VALUES('XML Feed', NULL, '2012-01-03 01:58:33.747721', 'text/xml', '2012-01-03 01:58:33.747721', 1, 0, '<r:content />
') RETURNING "id"[0m
  [4;36;1mSQL (0.5ms)[0m   [0;1mCOMMIT[0m
WARNING: Can't mass-assign these protected attributes: id
Cache read: Radiant.cache_mtime
Cache read: Radiant::Config
  [4;35;1mSQL (0.1ms)[0m   [0mBEGIN[0m
  [4;36;1mSQL (0.9ms)[0m   [0;1mINSERT INTO "page_parts" ("name", "filter_id", "page_id", "content") VALUES('body', '', 1, '<r:find url="/articles/">
<r:children:each limit="5" order="desc">
<div class="entry">
 <h3><r:link /> <small><r:author /></small></h3>
 <r:content />
 <r:if_content part="extended"><r:link anchor="extended">Continue Reading&#8230;</r:link></r:if_content>
</div>
</r:children:each>
</r:find>
') RETURNING "id"[0m
  [4;35;1mSQL (1.3ms)[0m   [0mCOMMIT[0m
WARNING: Can't mass-assign these protected attributes: id
  [4;36;1mSQL (0.2ms)[0m   [0;1mBEGIN[0m
  [4;35;1mSQL (0.6ms)[0m   [0mINSERT INTO "page_parts" ("name", "filter_id", "page_id", "content") VALUES('body', 'Textile', 2, 'The file you were looking for could not be found.

Attempted URL: @<r:attempted_url />@

It is possible that you typed the URL incorrectly or that you clicked on a bad link.

"<< Back to Home Page":/
') RETURNING "id"[0m
  [4;36;1mSQL (0.5ms)[0m   [0;1mCOMMIT[0m
WARNING: Can't mass-assign these protected attributes: id
Cache read: Radiant.cache_mtime
Cache read: Radiant::Config
  [4;35;1mSQL (0.1ms)[0m   [0mBEGIN[0m
  [4;36;1mSQL (0.5ms)[0m   [0;1mINSERT INTO "page_parts" ("name", "filter_id", "page_id", "content") VALUES('body', '', 3, '<?xml version="1.0" encoding="UTF-8"?>
<rss version="2.0" xmlns:dc="http://purl.org/dc/elements/1.1/">
 <channel>
 <title>Article RSS Feed</title>
 <link>http://your-web-site.com<r:url /></link>
 <language>en-us</language>
 <ttl>40</ttl>
 <description>The main blog feed for my Web site.</description>
 <r:find url="/articles/">
 <r:children:each limit="10">
 <item>
 <title><r:title /></title>
 <description><r:escape_html><r:content /></r:escape_html></description>
 <pubDate><r:rfc1123_date /></pubDate>
 <guid>http://your-web-site.com<r:url /></guid>
 <link>http://your-web-site.com<r:url /></link>
 </item>
 </r:children:each>
 </r:find>
 </channel>
</rss>
') RETURNING "id"[0m
  [4;35;1mSQL (0.6ms)[0m   [0mCOMMIT[0m
WARNING: Can't mass-assign these protected attributes: id
Cache read: Radiant.cache_mtime
Cache read: Radiant::Config
  [4;36;1mSQL (0.1ms)[0m   [0;1mBEGIN[0m
  [4;35;1mSQL (0.3ms)[0m   [0mINSERT INTO "page_parts" ("name", "filter_id", "page_id", "content") VALUES('body', '', 4, '<ul>
<r:children:each order="desc">
 <li><r:link /></li>
</r:children:each>
</ul>
') RETURNING "id"[0m
  [4;36;1mSQL (0.4ms)[0m   [0;1mCOMMIT[0m
WARNING: Can't mass-assign these protected attributes: id
  [4;35;1mSQL (0.1ms)[0m   [0mBEGIN[0m
  [4;36;1mSQL (0.3ms)[0m   [0;1mINSERT INTO "page_parts" ("name", "filter_id", "page_id", "content") VALUES('body', 'Textile', 5, 'This post uses "textile":http://www.textism.com/tools/textile/.
') RETURNING "id"[0m
  [4;35;1mSQL (0.4ms)[0m   [0mCOMMIT[0m
WARNING: Can't mass-assign these protected attributes: id
  [4;36;1mSQL (0.1ms)[0m   [0;1mBEGIN[0m
  [4;35;1mSQL (0.3ms)[0m   [0mINSERT INTO "page_parts" ("name", "filter_id", "page_id", "content") VALUES('body', 'Markdown', 6, 'This post uses **Markdown**.
') RETURNING "id"[0m
  [4;36;1mSQL (0.4ms)[0m   [0;1mCOMMIT[0m
WARNING: Can't mass-assign these protected attributes: id
Cache read: Radiant.cache_mtime
Cache read: Radiant::Config
  [4;35;1mSQL (0.1ms)[0m   [0mBEGIN[0m
  [4;36;1mSQL (0.3ms)[0m   [0;1mINSERT INTO "page_parts" ("name", "filter_id", "page_id", "content") VALUES('body', '', 7, 'body {
 font-family: "Trebuchet MS", Arial, Helvetica, sans-serif;
 font-size: 80%;
}
') RETURNING "id"[0m
  [4;35;1mSQL (0.4ms)[0m   [0mCOMMIT[0m
  [4;36;1mSQL (0.2ms)[0m   [0;1mSET client_min_messages TO 'panic'[0m
  [4;35;1mSQL (0.1ms)[0m   [0mSET standard_conforming_strings = on[0m
  [4;36;1mSQL (0.1ms)[0m   [0;1mSET client_min_messages TO 'notice'[0m
  [4;35;1mSQL (1.0ms)[0m   [0mSELECT DISTINCT class_name FROM pages WHERE class_name <> '' AND class_name IS NOT NULL[0m
  [4;36;1mSQL (0.1ms)[0m   [0;1mSET client_min_messages TO 'panic'[0m
  [4;35;1mSQL (0.1ms)[0m   [0mSET standard_conforming_strings = on[0m
  [4;36;1mSQL (0.1ms)[0m   [0;1mSET client_min_messages TO 'notice'[0m


Processing SiteController#show_page (for 127.0.0.1 at 2012-01-02 18:59:48) [GET]
  Parameters: {"action"=>"show_page", "url"=>"/", "controller"=>"site"}
Cache read: Radiant.cache_mtime
  [4;35;1mRadiant::Config Load (0.8ms)[0m   [0mSELECT * FROM "config" [0m
Cache write: Radiant::Config
Cache write: Radiant.cache_mtime
Cache read: Radiant::Config
Cache read: Radiant.cache_mtime
Cache read: Radiant::Config
Cache read: Radiant.cache_mtime
Cache read: Radiant::Config
Cache read: Radiant.cache_mtime
Cache read: Radiant::Config
Cache read: Radiant.cache_mtime
Cache read: Radiant::Config
Cache read: Radiant.cache_mtime
Cache read: Radiant::Config
Cache read: Radiant.cache_mtime
Cache read: Radiant::Config
Cache read: Radiant.cache_mtime
Cache read: Radiant::Config
Cache read: Radiant.cache_mtime
Cache read: Radiant::Config
Cache read: Radiant.cache_mtime
Cache read: Radiant::Config
Cache read: Radiant.cache_mtime
Cache read: Radiant::Config
Cache read: Radiant.cache_mtime
Cache read: Radiant::Config
  [4;36;1mPage Load (0.8ms)[0m   [0;1mSELECT * FROM "pages" WHERE ("pages"."parent_id" IS NULL) LIMIT 1[0m
  [4;35;1mPage Load (0.7ms)[0m   [0mSELECT * FROM "pages" WHERE ("pages"."status_id" = 90) [0m
Cache read: Radiant.cache_mtime
Cache read: Radiant::Config
  [4;36;1mLayout Load (0.6ms)[0m   [0;1mSELECT * FROM "layouts" WHERE ("layouts"."id" = 1) ORDER BY name[0m
  [4;35;1mSnippet Load (0.8ms)[0m   [0mSELECT * FROM "snippets" WHERE ("snippets"."name" = 'header') ORDER BY name LIMIT 1[0m
  [4;36;1mPagePart Load (1.1ms)[0m   [0;1mSELECT * FROM "page_parts" WHERE ("page_parts".page_id = 1) ORDER BY id, name[0m
  [4;35;1mPagePart Load (0.5ms)[0m   [0mSELECT * FROM "page_parts" WHERE ("page_parts"."name" = 'body') AND ("page_parts".page_id = 1) ORDER BY id LIMIT 1[0m
  [4;36;1mCACHE (0.0ms)[0m   [0;1mSELECT * FROM "pages" WHERE ("pages"."parent_id" IS NULL) LIMIT 1[0m
  [4;35;1mPage Load (0.9ms)[0m   [0mSELECT * FROM "pages" WHERE ("pages"."slug" = 'articles') AND ("pages".parent_id = 1) ORDER BY virtual DESC, title ASC LIMIT 1[0m
  [4;36;1mPage Load (0.4ms)[0m   [0;1mSELECT * FROM "pages" WHERE ("pages"."id" = 1) [0m
Cache read: Radiant.cache_mtime
Cache read: Radiant::Config
  [4;35;1mPage Load (0.6ms)[0m   [0mSELECT * FROM "pages" WHERE ((virtual = 'f') and (status_id = 100)) AND ("pages".parent_id = 4) ORDER BY published_at DESC, virtual DESC, title ASC LIMIT 5[0m
  [4;36;1mPage Load (0.9ms)[0m   [0;1mSELECT * FROM "pages" WHERE ("pages"."id" = 4) [0m
  [4;35;1mCACHE (0.0ms)[0m   [0mSELECT * FROM "pages" WHERE ("pages"."id" = 1) [0m
  [4;36;1mUser Load (0.6ms)[0m   [0;1mSELECT * FROM "users" WHERE ("users"."id" = 1) ORDER BY name[0m
  [4;35;1mPagePart Load (0.5ms)[0m   [0mSELECT * FROM "page_parts" WHERE ("page_parts".page_id = 6) ORDER BY id, name[0m
  [4;36;1mPagePart Load (0.3ms)[0m   [0;1mSELECT * FROM "page_parts" WHERE ("page_parts"."name" = 'body') AND ("page_parts".page_id = 6) ORDER BY id LIMIT 1[0m
  [4;35;1mPagePart Load (0.7ms)[0m   [0mSELECT * FROM "page_parts" WHERE ("page_parts"."name" = 'extended') AND ("page_parts".page_id = 6) ORDER BY id LIMIT 1[0m
  [4;36;1mCACHE (0.0ms)[0m   [0;1mSELECT * FROM "page_parts" WHERE ("page_parts"."name" = 'extended') AND ("page_parts".page_id = 6) ORDER BY id LIMIT 1[0m
  [4;35;1mCACHE (0.0ms)[0m   [0mSELECT * FROM "pages" WHERE ("pages"."id" = 4) [0m
  [4;36;1mCACHE (0.0ms)[0m   [0;1mSELECT * FROM "pages" WHERE ("pages"."id" = 1) [0m
  [4;35;1mCACHE (0.0ms)[0m   [0mSELECT * FROM "users" WHERE ("users"."id" = 1) ORDER BY name[0m
  [4;36;1mPagePart Load (0.5ms)[0m   [0;1mSELECT * FROM "page_parts" WHERE ("page_parts".page_id = 5) ORDER BY id, name[0m
  [4;35;1mPagePart Load (0.3ms)[0m   [0mSELECT * FROM "page_parts" WHERE ("page_parts"."name" = 'body') AND ("page_parts".page_id = 5) ORDER BY id LIMIT 1[0m
  [4;36;1mPagePart Load (0.6ms)[0m   [0;1mSELECT * FROM "page_parts" WHERE ("page_parts"."name" = 'extended') AND ("page_parts".page_id = 5) ORDER BY id LIMIT 1[0m
  [4;35;1mCACHE (0.0ms)[0m   [0mSELECT * FROM "page_parts" WHERE ("page_parts"."name" = 'extended') AND ("page_parts".page_id = 5) ORDER BY id LIMIT 1[0m
  [4;36;1mPagePart Load (0.8ms)[0m   [0;1mSELECT * FROM "page_parts" WHERE ("page_parts"."name" = 'extended') AND ("page_parts".page_id = 1) ORDER BY id LIMIT 1[0m
  [4;35;1mSnippet Load (0.3ms)[0m   [0mSELECT * FROM "snippets" WHERE ("snippets"."name" = 'footer') ORDER BY name LIMIT 1[0m
Cache read: Radiant.cache_mtime
Cache read: Radiant::Config
Completed in 303ms (DB: 13) | 200 [http://localhost/]
  [4;36;1mSQL (0.8ms)[0m   [0;1mSELECT DISTINCT class_name FROM pages WHERE class_name <> '' AND class_name IS NOT NULL[0m
  [4;35;1mSQL (0.1ms)[0m   [0mSET client_min_messages TO 'panic'[0m
  [4;36;1mSQL (0.1ms)[0m   [0;1mSET standard_conforming_strings = on[0m
  [4;35;1mSQL (0.1ms)[0m   [0mSET client_min_messages TO 'notice'[0m


Processing SiteController#show_page (for 127.0.0.1 at 2012-01-02 18:59:48) [GET]
  Parameters: {"action"=>"show_page", "url"=>["styles.css"], "controller"=>"site"}
Cache read: Radiant.cache_mtime
Cache read: Radiant::Config
Cache read: Radiant.cache_mtime
Cache read: Radiant::Config
Cache read: Radiant.cache_mtime
Cache read: Radiant::Config
Cache read: Radiant.cache_mtime
Cache read: Radiant::Config
Cache read: Radiant.cache_mtime
Cache read: Radiant::Config
Cache read: Radiant.cache_mtime
Cache read: Radiant::Config
Cache read: Radiant.cache_mtime
Cache read: Radiant::Config
Cache read: Radiant.cache_mtime
Cache read: Radiant::Config
Cache read: Radiant.cache_mtime
Cache read: Radiant::Config
Cache read: Radiant.cache_mtime
Cache read: Radiant::Config
Cache read: Radiant.cache_mtime
Cache read: Radiant::Config
Cache read: Radiant.cache_mtime
Cache read: Radiant::Config
  [4;36;1mPage Load (0.9ms)[0m   [0;1mSELECT * FROM "pages" WHERE ("pages"."parent_id" IS NULL) LIMIT 1[0m
  [4;35;1mPage Load (1.9ms)[0m   [0mSELECT * FROM "pages" WHERE ("pages"."slug" = 'styles.css') AND ("pages".parent_id = 1) ORDER BY virtual DESC, title ASC LIMIT 1[0m
  [4;36;1mPage Load (0.3ms)[0m   [0;1mSELECT * FROM "pages" WHERE ("pages"."id" = 1) [0m
Cache read: Radiant.cache_mtime
Cache read: Radiant::Config
  [4;35;1mLayout Load (0.5ms)[0m   [0mSELECT * FROM "layouts" WHERE ("layouts"."id" = 2) ORDER BY name[0m
  [4;36;1mPagePart Load (0.9ms)[0m   [0;1mSELECT * FROM "page_parts" WHERE ("page_parts".page_id = 7) ORDER BY id, name[0m
  [4;35;1mPagePart Load (0.4ms)[0m   [0mSELECT * FROM "page_parts" WHERE ("page_parts"."name" = 'body') AND ("page_parts".page_id = 7) ORDER BY id LIMIT 1[0m
Cache read: Radiant.cache_mtime
Cache read: Radiant::Config
Completed in 100ms (DB: 5) | 200 [http://localhost/styles.css]
  [4;36;1mSQL (0.6ms)[0m   [0;1mSELECT DISTINCT class_name FROM pages WHERE class_name <> '' AND class_name IS NOT NULL[0m
  [4;35;1mSQL (0.3ms)[0m   [0mSET client_min_messages TO 'panic'[0m
  [4;36;1mSQL (0.1ms)[0m   [0;1mSET standard_conforming_strings = on[0m
  [4;35;1mSQL (0.1ms)[0m   [0mSET client_min_messages TO 'notice'[0m


Processing SiteController#show_page (for 127.0.0.1 at 2012-01-02 19:00:05) [GET]
  Parameters: {"action"=>"show_page", "url"=>["login"], "controller"=>"site"}
Cache read: Radiant.cache_mtime
Cache read: Radiant::Config
Cache read: Radiant.cache_mtime
Cache read: Radiant::Config
Cache read: Radiant.cache_mtime
Cache read: Radiant::Config
Cache read: Radiant.cache_mtime
Cache read: Radiant::Config
Cache read: Radiant.cache_mtime
Cache read: Radiant::Config
Cache read: Radiant.cache_mtime
Cache read: Radiant::Config
Cache read: Radiant.cache_mtime
Cache read: Radiant::Config
Cache read: Radiant.cache_mtime
Cache read: Radiant::Config
Cache read: Radiant.cache_mtime
Cache read: Radiant::Config
Cache read: Radiant.cache_mtime
Cache read: Radiant::Config
Cache read: Radiant.cache_mtime
Cache read: Radiant::Config
Cache read: Radiant.cache_mtime
Cache read: Radiant::Config
  [4;36;1mPage Load (0.9ms)[0m   [0;1mSELECT * FROM "pages" WHERE ("pages"."parent_id" IS NULL) LIMIT 1[0m
  [4;35;1mPage Load (1.2ms)[0m   [0mSELECT * FROM "pages" WHERE ("pages"."slug" = 'login') AND ("pages".parent_id = 1) ORDER BY virtual DESC, title ASC LIMIT 1[0m
  [4;36;1mPage Load (0.5ms)[0m   [0;1mSELECT * FROM "pages" WHERE ("pages".parent_id = 1) ORDER BY virtual DESC, title ASC[0m
  [4;35;1mPage Load (0.5ms)[0m   [0mSELECT * FROM "pages" WHERE ("pages"."id" = 1) [0m
  [4;36;1mCACHE (0.0ms)[0m   [0;1mSELECT * FROM "pages" WHERE ("pages"."id" = 1) [0m
  [4;35;1mCACHE (0.0ms)[0m   [0mSELECT * FROM "pages" WHERE ("pages"."id" = 1) [0m
  [4;36;1mPage Load (0.9ms)[0m   [0;1mSELECT * FROM "pages" WHERE ("pages".parent_id = 1 AND (status_id = 100 and (class_name = 'FileNotFoundPage'))) ORDER BY virtual DESC, title ASC LIMIT 1[0m
Cache read: Radiant.cache_mtime
Cache read: Radiant::Config
  [4;35;1mCACHE (0.0ms)[0m   [0mSELECT * FROM "pages" WHERE ("pages"."id" = 1) [0m
  [4;36;1mLayout Load (0.5ms)[0m   [0;1mSELECT * FROM "layouts" WHERE ("layouts"."id" = 1) ORDER BY name[0m
  [4;35;1mSnippet Load (0.7ms)[0m   [0mSELECT * FROM "snippets" WHERE ("snippets"."name" = 'header') ORDER BY name LIMIT 1[0m
  [4;36;1mPagePart Load (1.0ms)[0m   [0;1mSELECT * FROM "page_parts" WHERE ("page_parts".page_id = 2) ORDER BY id, name[0m
  [4;35;1mPagePart Load (0.4ms)[0m   [0mSELECT * FROM "page_parts" WHERE ("page_parts"."name" = 'body') AND ("page_parts".page_id = 2) ORDER BY id LIMIT 1[0m
  [4;36;1mPagePart Load (0.7ms)[0m   [0;1mSELECT * FROM "page_parts" WHERE ("page_parts"."name" = 'extended') AND ("page_parts".page_id = 2) ORDER BY id LIMIT 1[0m
  [4;35;1mSnippet Load (0.4ms)[0m   [0mSELECT * FROM "snippets" WHERE ("snippets"."name" = 'footer') ORDER BY name LIMIT 1[0m
Completed in 105ms (DB: 8) | 404 [http://localhost/login]
  [4;36;1mSQL (0.6ms)[0m   [0;1mSELECT DISTINCT class_name FROM pages WHERE class_name <> '' AND class_name IS NOT NULL[0m
  [4;35;1mSQL (0.2ms)[0m   [0mSET client_min_messages TO 'panic'[0m
  [4;36;1mSQL (0.1ms)[0m   [0;1mSET standard_conforming_strings = on[0m
  [4;35;1mSQL (0.1ms)[0m   [0mSET client_min_messages TO 'notice'[0m


Processing Admin::WelcomeController#index (for 127.0.0.1 at 2012-01-02 19:00:09) [GET]
  Parameters: {"action"=>"index", "controller"=>"admin/welcome"}
Cache read: Radiant.cache_mtime
Cache read: Radiant::Config
Cache read: Radiant.cache_mtime
Cache read: Radiant::Config
Redirected to http://localhost:3000/admin/pages
Completed in 6ms (DB: 0) | 302 Found [http://localhost/admin]
  [4;36;1mSQL (1.1ms)[0m   [0;1mSELECT DISTINCT class_name FROM pages WHERE class_name <> '' AND class_name IS NOT NULL[0m
  [4;35;1mSQL (0.2ms)[0m   [0mSET client_min_messages TO 'panic'[0m
  [4;36;1mSQL (0.1ms)[0m   [0;1mSET standard_conforming_strings = on[0m
  [4;35;1mSQL (0.1ms)[0m   [0mSET client_min_messages TO 'notice'[0m


Processing Admin::PagesController#index (for 127.0.0.1 at 2012-01-02 19:00:09) [GET]
  Parameters: {"action"=>"index", "controller"=>"admin/pages"}
Redirected to http://localhost:3000/admin/login
Filter chain halted as [:authenticate] rendered_or_redirected.
Completed in 1ms (DB: 0) | 302 Found [http://localhost/admin/pages]
  [4;36;1mSQL (1.1ms)[0m   [0;1mSELECT DISTINCT class_name FROM pages WHERE class_name <> '' AND class_name IS NOT NULL[0m
  [4;35;1mSQL (0.2ms)[0m   [0mSET client_min_messages TO 'panic'[0m
  [4;36;1mSQL (0.1ms)[0m   [0;1mSET standard_conforming_strings = on[0m
  [4;35;1mSQL (0.1ms)[0m   [0mSET client_min_messages TO 'notice'[0m


Processing Admin::WelcomeController#login (for 127.0.0.1 at 2012-01-02 19:00:09) [GET]
  Parameters: {"action"=>"login", "controller"=>"admin/welcome"}
Cache read: Radiant.cache_mtime
Cache read: Radiant::Config
Cache read: Radiant.cache_mtime
Cache read: Radiant::Config
Rendering template within layouts/application
Rendering admin/welcome/login
Cache read: Radiant.cache_mtime
Cache read: Radiant::Config
Cache read: Radiant.cache_mtime
Cache read: Radiant::Config
Completed in 64ms (View: 58, DB: 0) | 200 OK [http://localhost/admin/login]
  [4;36;1mSQL (0.9ms)[0m   [0;1mSELECT DISTINCT class_name FROM pages WHERE class_name <> '' AND class_name IS NOT NULL[0m
  [4;35;1mSQL (0.1ms)[0m   [0mSET client_min_messages TO 'panic'[0m
  [4;36;1mSQL (0.1ms)[0m   [0;1mSET standard_conforming_strings = on[0m
  [4;35;1mSQL (0.1ms)[0m   [0mSET client_min_messages TO 'notice'[0m


Processing Admin::WelcomeController#login (for 127.0.0.1 at 2012-01-02 19:00:13) [POST]
  Parameters: {"username_or_email"=>"matt", "action"=>"login", "authenticity_token"=>"m2k9NxO0zRoqJAwB9qyV3egYuypubZUQwD0ihSEoHr4=", "controller"=>"admin/welcome", "password"=>"[FILTERED]"}
Cache read: Radiant.cache_mtime
Cache read: Radiant::Config
Cache read: Radiant.cache_mtime
Cache read: Radiant::Config
  [4;36;1mUser Load (1.3ms)[0m   [0;1mSELECT * FROM "users" WHERE (login = 'matt' OR email = 'matt') ORDER BY name LIMIT 1[0m
Redirected to http://localhost:3000/admin/pages
Completed in 13ms (DB: 2) | 302 Found [http://localhost/admin/login]
  [4;35;1mSQL (0.8ms)[0m   [0mSELECT DISTINCT class_name FROM pages WHERE class_name <> '' AND class_name IS NOT NULL[0m
  [4;36;1mSQL (0.1ms)[0m   [0;1mSET client_min_messages TO 'panic'[0m
  [4;35;1mSQL (0.1ms)[0m   [0mSET standard_conforming_strings = on[0m
  [4;36;1mSQL (0.1ms)[0m   [0;1mSET client_min_messages TO 'notice'[0m


Processing Admin::PagesController#index (for 127.0.0.1 at 2012-01-02 19:00:13) [GET]
  Parameters: {"action"=>"index", "controller"=>"admin/pages"}
  [4;35;1mUser Load (1.1ms)[0m   [0mSELECT * FROM "users" WHERE ("users"."id" = 1) ORDER BY name[0m
Cache read: Radiant.cache_mtime
Cache read: Radiant::Config
Cache read: Radiant.cache_mtime
Cache read: Radiant::Config
  [4;36;1mPage Load (0.7ms)[0m   [0;1mSELECT * FROM "pages" [0m
  [4;35;1mPage Load (0.5ms)[0m   [0mSELECT * FROM "pages" WHERE ("pages"."parent_id" IS NULL) LIMIT 1[0m
Rendering template within layouts/application
Rendering admin/pages/index
Cache read: Radiant.cache_mtime
Cache read: Radiant::Config
Cache read: Radiant.cache_mtime
Cache read: Radiant::Config
  [4;36;1mSQL (0.8ms)[0m   [0;1mSELECT count(*) AS count_all FROM "pages" WHERE ("pages".parent_id = 1) [0m
  [4;35;1mCACHE (0.0ms)[0m   [0mSELECT count(*) AS count_all FROM "pages" WHERE ("pages".parent_id = 1) [0m
  [4;36;1mPage Load (0.9ms)[0m   [0;1mSELECT * FROM "pages" WHERE ("pages".parent_id = 1) ORDER BY virtual DESC, title ASC[0m
  [4;35;1mSQL (0.5ms)[0m   [0mSELECT count(*) AS count_all FROM "pages" WHERE ("pages".parent_id = 2) [0m
  [4;36;1mPage Load (0.5ms)[0m   [0;1mSELECT * FROM "pages" WHERE ("pages"."id" = 1) [0m
Rendered admin/pages/_node (5.8ms)
  [4;35;1mSQL (0.5ms)[0m   [0mSELECT count(*) AS count_all FROM "pages" WHERE ("pages".parent_id = 4) [0m
  [4;36;1mCACHE (0.0ms)[0m   [0;1mSELECT count(*) AS count_all FROM "pages" WHERE ("pages".parent_id = 4) [0m
  [4;35;1mCACHE (0.0ms)[0m   [0mSELECT * FROM "pages" WHERE ("pages"."id" = 1) [0m
Rendered admin/pages/_node (5.5ms)
  [4;36;1mSQL (0.6ms)[0m   [0;1mSELECT count(*) AS count_all FROM "pages" WHERE ("pages".parent_id = 3) [0m
  [4;35;1mCACHE (0.0ms)[0m   [0mSELECT * FROM "pages" WHERE ("pages"."id" = 1) [0m
Rendered admin/pages/_node (5.1ms)
  [4;36;1mSQL (0.7ms)[0m   [0;1mSELECT count(*) AS count_all FROM "pages" WHERE ("pages".parent_id = 7) [0m
  [4;35;1mCACHE (0.0ms)[0m   [0mSELECT * FROM "pages" WHERE ("pages"."id" = 1) [0m
Rendered admin/pages/_node (5.1ms)
Rendered admin/pages/_node (43.9ms)
Completed in 137ms (View: 115, DB: 7) | 200 OK [http://localhost/admin/pages]
  [4;36;1mSQL (0.6ms)[0m   [0;1mSELECT DISTINCT class_name FROM pages WHERE class_name <> '' AND class_name IS NOT NULL[0m
  [4;35;1mSQL (0.2ms)[0m   [0mSET client_min_messages TO 'panic'[0m
  [4;36;1mSQL (0.1ms)[0m   [0;1mSET standard_conforming_strings = on[0m
  [4;35;1mSQL (0.1ms)[0m   [0mSET client_min_messages TO 'notice'[0m


Processing Admin::LayoutsController#index (for 127.0.0.1 at 2012-01-02 19:00:14) [GET]
  Parameters: {"action"=>"index", "controller"=>"admin/layouts"}
  [4;36;1mUser Load (0.8ms)[0m   [0;1mSELECT * FROM "users" WHERE ("users"."id" = 1) ORDER BY name[0m
Cache read: Radiant.cache_mtime
Cache read: Radiant::Config
Cache read: Radiant.cache_mtime
Cache read: Radiant::Config
Cache read: Radiant.cache_mtime
Cache read: Radiant::Config
  [4;35;1mLayout Load (0.5ms)[0m   [0mSELECT * FROM "layouts" ORDER BY name LIMIT 50 OFFSET 0[0m
Rendering template within layouts/application
Rendering admin/layouts/index
Cache read: Radiant.cache_mtime
Cache read: Radiant::Config
Cache read: Radiant.cache_mtime
Cache read: Radiant::Config
Cache read: Radiant.cache_mtime
Cache read: Radiant::Config
Completed in 54ms (View: 39, DB: 2) | 200 OK [http://localhost/admin/layouts]
  [4;36;1mSQL (0.9ms)[0m   [0;1mSELECT DISTINCT class_name FROM pages WHERE class_name <> '' AND class_name IS NOT NULL[0m
  [4;35;1mSQL (0.1ms)[0m   [0mSET client_min_messages TO 'panic'[0m
  [4;36;1mSQL (0.1ms)[0m   [0;1mSET standard_conforming_strings = on[0m
  [4;35;1mSQL (0.1ms)[0m   [0mSET client_min_messages TO 'notice'[0m


Processing Admin::PagesController#index (for 127.0.0.1 at 2012-01-02 19:01:53) [GET]
  Parameters: {"action"=>"index", "controller"=>"admin/pages"}
  [4;36;1mUser Load (0.9ms)[0m   [0;1mSELECT * FROM "users" WHERE ("users"."id" = 1) ORDER BY name[0m
Cache read: Radiant.cache_mtime
Cache read: Radiant::Config
Cache read: Radiant.cache_mtime
Cache read: Radiant::Config
  [4;35;1mPage Load (0.6ms)[0m   [0mSELECT * FROM "pages" [0m
  [4;36;1mPage Load (0.6ms)[0m   [0;1mSELECT * FROM "pages" WHERE ("pages"."parent_id" IS NULL) LIMIT 1[0m
Rendering template within layouts/application
Rendering admin/pages/index
Cache read: Radiant.cache_mtime
Cache read: Radiant::Config
Cache read: Radiant.cache_mtime
Cache read: Radiant::Config
  [4;35;1mSQL (0.5ms)[0m   [0mSELECT count(*) AS count_all FROM "pages" WHERE ("pages".parent_id = 1) [0m
  [4;36;1mCACHE (0.0ms)[0m   [0;1mSELECT count(*) AS count_all FROM "pages" WHERE ("pages".parent_id = 1) [0m
  [4;35;1mPage Load (1.0ms)[0m   [0mSELECT * FROM "pages" WHERE ("pages".parent_id = 1) ORDER BY virtual DESC, title ASC[0m
  [4;36;1mSQL (0.5ms)[0m   [0;1mSELECT count(*) AS count_all FROM "pages" WHERE ("pages".parent_id = 2) [0m
  [4;35;1mPage Load (0.4ms)[0m   [0mSELECT * FROM "pages" WHERE ("pages"."id" = 1) [0m
Rendered admin/pages/_node (5.6ms)
  [4;36;1mSQL (0.5ms)[0m   [0;1mSELECT count(*) AS count_all FROM "pages" WHERE ("pages".parent_id = 4) [0m
  [4;35;1mCACHE (0.0ms)[0m   [0mSELECT count(*) AS count_all FROM "pages" WHERE ("pages".parent_id = 4) [0m
  [4;36;1mCACHE (0.0ms)[0m   [0;1mSELECT * FROM "pages" WHERE ("pages"."id" = 1) [0m
Rendered admin/pages/_node (5.6ms)
  [4;35;1mSQL (0.6ms)[0m   [0mSELECT count(*) AS count_all FROM "pages" WHERE ("pages".parent_id = 3) [0m
  [4;36;1mCACHE (0.0ms)[0m   [0;1mSELECT * FROM "pages" WHERE ("pages"."id" = 1) [0m
Rendered admin/pages/_node (5.4ms)
  [4;35;1mSQL (0.3ms)[0m   [0mSELECT count(*) AS count_all FROM "pages" WHERE ("pages".parent_id = 7) [0m
  [4;36;1mCACHE (0.0ms)[0m   [0;1mSELECT * FROM "pages" WHERE ("pages"."id" = 1) [0m
Rendered admin/pages/_node (51.0ms)
Rendered admin/pages/_node (87.4ms)
Completed in 120ms (View: 101, DB: 6) | 200 OK [http://localhost/admin/pages]
  [4;35;1mSQL (0.6ms)[0m   [0mSELECT DISTINCT class_name FROM pages WHERE class_name <> '' AND class_name IS NOT NULL[0m
  [4;36;1mSQL (0.1ms)[0m   [0;1mSET client_min_messages TO 'panic'[0m
  [4;35;1mSQL (0.1ms)[0m   [0mSET standard_conforming_strings = on[0m
  [4;36;1mSQL (0.1ms)[0m   [0;1mSET client_min_messages TO 'notice'[0m
  [4;35;1mSQL (1.0ms)[0m   [0mSELECT DISTINCT class_name FROM pages WHERE class_name <> '' AND class_name IS NOT NULL[0m
  [4;36;1mSQL (0.3ms)[0m   [0;1mSET client_min_messages TO 'panic'[0m
  [4;35;1mSQL (0.1ms)[0m   [0mSET standard_conforming_strings = on[0m
  [4;36;1mSQL (0.1ms)[0m   [0;1mSET client_min_messages TO 'notice'[0m


Processing SiteController#show_page (for 127.0.0.1 at 2012-01-02 19:10:10) [GET]
  Parameters: {"action"=>"show_page", "url"=>"/", "controller"=>"site"}
  [4;35;1mUser Load (0.8ms)[0m   [0mSELECT * FROM "users" WHERE ("users"."id" = 1) ORDER BY name[0m
Cache read: Radiant.cache_mtime
  [4;36;1mRadiant::Config Load (0.5ms)[0m   [0;1mSELECT * FROM "config" [0m
Cache write: Radiant::Config
Cache write: Radiant.cache_mtime
Cache read: Radiant::Config
Cache read: Radiant.cache_mtime
Cache read: Radiant::Config
Cache read: Radiant.cache_mtime
Cache read: Radiant::Config
Cache read: Radiant.cache_mtime
Cache read: Radiant::Config
Cache read: Radiant.cache_mtime
Cache read: Radiant::Config
Cache read: Radiant.cache_mtime
Cache read: Radiant::Config
Cache read: Radiant.cache_mtime
Cache read: Radiant::Config
Cache read: Radiant.cache_mtime
Cache read: Radiant::Config
Cache read: Radiant.cache_mtime
Cache read: Radiant::Config
Cache read: Radiant.cache_mtime
Cache read: Radiant::Config
Cache read: Radiant.cache_mtime
Cache read: Radiant::Config
Cache read: Radiant.cache_mtime
Cache read: Radiant::Config
  [4;35;1mPage Load (1.1ms)[0m   [0mSELECT * FROM "pages" WHERE ("pages"."parent_id" IS NULL) LIMIT 1[0m
  [4;36;1mPage Load (0.5ms)[0m   [0;1mSELECT * FROM "pages" WHERE ("pages"."status_id" = 90) [0m
Cache read: Radiant.cache_mtime
Cache read: Radiant::Config
  [4;35;1mLayout Load (0.5ms)[0m   [0mSELECT * FROM "layouts" WHERE ("layouts"."id" = 1) ORDER BY name[0m
  [4;36;1mSnippet Load (0.8ms)[0m   [0;1mSELECT * FROM "snippets" WHERE ("snippets"."name" = 'header') ORDER BY name LIMIT 1[0m
  [4;35;1mPagePart Load (1.0ms)[0m   [0mSELECT * FROM "page_parts" WHERE ("page_parts".page_id = 1) ORDER BY id, name[0m
  [4;36;1mPagePart Load (0.4ms)[0m   [0;1mSELECT * FROM "page_parts" WHERE ("page_parts"."name" = 'body') AND ("page_parts".page_id = 1) ORDER BY id LIMIT 1[0m
  [4;35;1mCACHE (0.0ms)[0m   [0mSELECT * FROM "pages" WHERE ("pages"."parent_id" IS NULL) LIMIT 1[0m
  [4;36;1mPage Load (0.8ms)[0m   [0;1mSELECT * FROM "pages" WHERE ("pages"."slug" = 'articles') AND ("pages".parent_id = 1) ORDER BY virtual DESC, title ASC LIMIT 1[0m
  [4;35;1mPage Load (0.3ms)[0m   [0mSELECT * FROM "pages" WHERE ("pages"."id" = 1) [0m
Cache read: Radiant.cache_mtime
Cache read: Radiant::Config
  [4;36;1mPage Load (0.6ms)[0m   [0;1mSELECT * FROM "pages" WHERE ((virtual = 'f') and (status_id = 100)) AND ("pages".parent_id = 4) ORDER BY published_at DESC, virtual DESC, title ASC LIMIT 5[0m
  [4;35;1mPage Load (0.5ms)[0m   [0mSELECT * FROM "pages" WHERE ("pages"."id" = 4) [0m
  [4;36;1mCACHE (0.0ms)[0m   [0;1mSELECT * FROM "pages" WHERE ("pages"."id" = 1) [0m
  [4;35;1mCACHE (0.0ms)[0m   [0mSELECT * FROM "users" WHERE ("users"."id" = 1) ORDER BY name[0m
  [4;36;1mPagePart Load (0.8ms)[0m   [0;1mSELECT * FROM "page_parts" WHERE ("page_parts".page_id = 6) ORDER BY id, name[0m
  [4;35;1mPagePart Load (0.4ms)[0m   [0mSELECT * FROM "page_parts" WHERE ("page_parts"."name" = 'body') AND ("page_parts".page_id = 6) ORDER BY id LIMIT 1[0m
  [4;36;1mPagePart Load (0.8ms)[0m   [0;1mSELECT * FROM "page_parts" WHERE ("page_parts"."name" = 'extended') AND ("page_parts".page_id = 6) ORDER BY id LIMIT 1[0m
  [4;35;1mCACHE (0.0ms)[0m   [0mSELECT * FROM "page_parts" WHERE ("page_parts"."name" = 'extended') AND ("page_parts".page_id = 6) ORDER BY id LIMIT 1[0m
  [4;36;1mCACHE (0.0ms)[0m   [0;1mSELECT * FROM "pages" WHERE ("pages"."id" = 4) [0m
  [4;35;1mCACHE (0.0ms)[0m   [0mSELECT * FROM "pages" WHERE ("pages"."id" = 1) [0m
  [4;36;1mCACHE (0.0ms)[0m   [0;1mSELECT * FROM "users" WHERE ("users"."id" = 1) ORDER BY name[0m
  [4;35;1mPagePart Load (0.5ms)[0m   [0mSELECT * FROM "page_parts" WHERE ("page_parts".page_id = 5) ORDER BY id, name[0m
  [4;36;1mPagePart Load (0.3ms)[0m   [0;1mSELECT * FROM "page_parts" WHERE ("page_parts"."name" = 'body') AND ("page_parts".page_id = 5) ORDER BY id LIMIT 1[0m
  [4;35;1mPagePart Load (0.8ms)[0m   [0mSELECT * FROM "page_parts" WHERE ("page_parts"."name" = 'extended') AND ("page_parts".page_id = 5) ORDER BY id LIMIT 1[0m
  [4;36;1mCACHE (0.0ms)[0m   [0;1mSELECT * FROM "page_parts" WHERE ("page_parts"."name" = 'extended') AND ("page_parts".page_id = 5) ORDER BY id LIMIT 1[0m
  [4;35;1mPagePart Load (0.8ms)[0m   [0mSELECT * FROM "page_parts" WHERE ("page_parts"."name" = 'extended') AND ("page_parts".page_id = 1) ORDER BY id LIMIT 1[0m
  [4;36;1mSnippet Load (0.3ms)[0m   [0;1mSELECT * FROM "snippets" WHERE ("snippets"."name" = 'footer') ORDER BY name LIMIT 1[0m
Cache read: Radiant.cache_mtime
Cache read: Radiant::Config
Completed in 234ms (DB: 13) | 200 [http://localhost/]
  [4;35;1mSQL (0.6ms)[0m   [0mSELECT DISTINCT class_name FROM pages WHERE class_name <> '' AND class_name IS NOT NULL[0m
  [4;36;1mSQL (0.2ms)[0m   [0;1mSET client_min_messages TO 'panic'[0m
  [4;35;1mSQL (0.1ms)[0m   [0mSET standard_conforming_strings = on[0m
  [4;36;1mSQL (0.1ms)[0m   [0;1mSET client_min_messages TO 'notice'[0m


Processing SiteController#show_page (for 127.0.0.1 at 2012-01-02 19:10:11) [GET]
  Parameters: {"action"=>"show_page", "url"=>["styles.css"], "controller"=>"site"}
  [4;35;1mUser Load (0.9ms)[0m   [0mSELECT * FROM "users" WHERE ("users"."id" = 1) ORDER BY name[0m
Cache read: Radiant.cache_mtime
Cache read: Radiant::Config
Cache read: Radiant.cache_mtime
Cache read: Radiant::Config
Cache read: Radiant.cache_mtime
Cache read: Radiant::Config
Cache read: Radiant.cache_mtime
Cache read: Radiant::Config
Cache read: Radiant.cache_mtime
Cache read: Radiant::Config
Cache read: Radiant.cache_mtime
Cache read: Radiant::Config
Cache read: Radiant.cache_mtime
Cache read: Radiant::Config
Cache read: Radiant.cache_mtime
Cache read: Radiant::Config
Cache read: Radiant.cache_mtime
Cache read: Radiant::Config
Cache read: Radiant.cache_mtime
Cache read: Radiant::Config
Cache read: Radiant.cache_mtime
Cache read: Radiant::Config
Cache read: Radiant.cache_mtime
Cache read: Radiant::Config
  [4;36;1mPage Load (0.8ms)[0m   [0;1mSELECT * FROM "pages" WHERE ("pages"."parent_id" IS NULL) LIMIT 1[0m
  [4;35;1mPage Load (0.9ms)[0m   [0mSELECT * FROM "pages" WHERE ("pages"."slug" = 'styles.css') AND ("pages".parent_id = 1) ORDER BY virtual DESC, title ASC LIMIT 1[0m
  [4;36;1mPage Load (0.4ms)[0m   [0;1mSELECT * FROM "pages" WHERE ("pages"."id" = 1) [0m
Cache read: Radiant.cache_mtime
Cache read: Radiant::Config
  [4;35;1mLayout Load (0.4ms)[0m   [0mSELECT * FROM "layouts" WHERE ("layouts"."id" = 2) ORDER BY name[0m
  [4;36;1mPagePart Load (1.0ms)[0m   [0;1mSELECT * FROM "page_parts" WHERE ("page_parts".page_id = 7) ORDER BY id, name[0m
  [4;35;1mPagePart Load (0.3ms)[0m   [0mSELECT * FROM "page_parts" WHERE ("page_parts"."name" = 'body') AND ("page_parts".page_id = 7) ORDER BY id LIMIT 1[0m
Cache read: Radiant.cache_mtime
Cache read: Radiant::Config
Completed in 103ms (DB: 5) | 200 [http://localhost/styles.css]
  [4;36;1mSQL (0.6ms)[0m   [0;1mSELECT DISTINCT class_name FROM pages WHERE class_name <> '' AND class_name IS NOT NULL[0m
  [4;35;1mSQL (0.1ms)[0m   [0mSET client_min_messages TO 'panic'[0m
  [4;36;1mSQL (0.1ms)[0m   [0;1mSET standard_conforming_strings = on[0m
  [4;35;1mSQL (0.1ms)[0m   [0mSET client_min_messages TO 'notice'[0m


Processing Admin::WelcomeController#login (for 127.0.0.1 at 2012-01-02 19:10:17) [GET]
  Parameters: {"action"=>"login", "controller"=>"admin/welcome"}
  [4;36;1mUser Load (0.9ms)[0m   [0;1mSELECT * FROM "users" WHERE ("users"."id" = 1) ORDER BY name[0m
Cache read: Radiant.cache_mtime
Cache read: Radiant::Config
Cache read: Radiant.cache_mtime
Cache read: Radiant::Config
Redirected to http://localhost:3000/admin/welcome
Completed in 12ms (DB: 1) | 302 Found [http://localhost/admin/login]
  [4;35;1mSQL (0.9ms)[0m   [0mSELECT DISTINCT class_name FROM pages WHERE class_name <> '' AND class_name IS NOT NULL[0m
  [4;36;1mSQL (0.2ms)[0m   [0;1mSET client_min_messages TO 'panic'[0m
  [4;35;1mSQL (0.1ms)[0m   [0mSET standard_conforming_strings = on[0m
  [4;36;1mSQL (0.1ms)[0m   [0;1mSET client_min_messages TO 'notice'[0m


Processing Admin::WelcomeController#index (for 127.0.0.1 at 2012-01-02 19:10:17) [GET]
  Parameters: {"action"=>"index", "controller"=>"admin/welcome"}
  [4;35;1mUser Load (0.7ms)[0m   [0mSELECT * FROM "users" WHERE ("users"."id" = 1) ORDER BY name[0m
Cache read: Radiant.cache_mtime
Cache read: Radiant::Config
Cache read: Radiant.cache_mtime
Cache read: Radiant::Config
Redirected to http://localhost:3000/admin/pages
Completed in 13ms (DB: 1) | 302 Found [http://localhost/admin/welcome]
  [4;36;1mSQL (0.9ms)[0m   [0;1mSELECT DISTINCT class_name FROM pages WHERE class_name <> '' AND class_name IS NOT NULL[0m
  [4;35;1mSQL (0.1ms)[0m   [0mSET client_min_messages TO 'panic'[0m
  [4;36;1mSQL (0.1ms)[0m   [0;1mSET standard_conforming_strings = on[0m
  [4;35;1mSQL (0.1ms)[0m   [0mSET client_min_messages TO 'notice'[0m


Processing Admin::PagesController#index (for 127.0.0.1 at 2012-01-02 19:10:17) [GET]
  Parameters: {"action"=>"index", "controller"=>"admin/pages"}
  [4;36;1mUser Load (0.8ms)[0m   [0;1mSELECT * FROM "users" WHERE ("users"."id" = 1) ORDER BY name[0m
Cache read: Radiant.cache_mtime
Cache read: Radiant::Config
Cache read: Radiant.cache_mtime
Cache read: Radiant::Config
  [4;35;1mPage Load (0.7ms)[0m   [0mSELECT * FROM "pages" [0m
  [4;36;1mPage Load (0.7ms)[0m   [0;1mSELECT * FROM "pages" WHERE ("pages"."parent_id" IS NULL) LIMIT 1[0m
Rendering template within layouts/application
Rendering admin/pages/index
Cache read: Radiant.cache_mtime
Cache read: Radiant::Config
Cache read: Radiant.cache_mtime
Cache read: Radiant::Config
  [4;35;1mSQL (0.5ms)[0m   [0mSELECT count(*) AS count_all FROM "pages" WHERE ("pages".parent_id = 1) [0m
  [4;36;1mCACHE (0.0ms)[0m   [0;1mSELECT count(*) AS count_all FROM "pages" WHERE ("pages".parent_id = 1) [0m
  [4;35;1mPage Load (0.9ms)[0m   [0mSELECT * FROM "pages" WHERE ("pages".parent_id = 1) ORDER BY virtual DESC, title ASC[0m
  [4;36;1mSQL (0.6ms)[0m   [0;1mSELECT count(*) AS count_all FROM "pages" WHERE ("pages".parent_id = 2) [0m
  [4;35;1mPage Load (0.6ms)[0m   [0mSELECT * FROM "pages" WHERE ("pages"."id" = 1) [0m
Rendered admin/pages/_node (6.1ms)
  [4;36;1mSQL (0.5ms)[0m   [0;1mSELECT count(*) AS count_all FROM "pages" WHERE ("pages".parent_id = 4) [0m
  [4;35;1mCACHE (0.0ms)[0m   [0mSELECT count(*) AS count_all FROM "pages" WHERE ("pages".parent_id = 4) [0m
  [4;36;1mCACHE (0.0ms)[0m   [0;1mSELECT * FROM "pages" WHERE ("pages"."id" = 1) [0m
Rendered admin/pages/_node (5.9ms)
  [4;35;1mSQL (0.5ms)[0m   [0mSELECT count(*) AS count_all FROM "pages" WHERE ("pages".parent_id = 3) [0m
  [4;36;1mCACHE (0.0ms)[0m   [0;1mSELECT * FROM "pages" WHERE ("pages"."id" = 1) [0m
Rendered admin/pages/_node (5.0ms)
  [4;35;1mSQL (0.6ms)[0m   [0mSELECT count(*) AS count_all FROM "pages" WHERE ("pages".parent_id = 7) [0m
  [4;36;1mCACHE (0.0ms)[0m   [0;1mSELECT * FROM "pages" WHERE ("pages"."id" = 1) [0m
Rendered admin/pages/_node (4.9ms)
Rendered admin/pages/_node (43.7ms)
Completed in 185ms (View: 120, DB: 7) | 200 OK [http://localhost/admin/pages]
  [4;35;1mSQL (0.7ms)[0m   [0mSELECT DISTINCT class_name FROM pages WHERE class_name <> '' AND class_name IS NOT NULL[0m
  [4;36;1mSQL (0.1ms)[0m   [0;1mSET client_min_messages TO 'panic'[0m
  [4;35;1mSQL (0.1ms)[0m   [0mSET standard_conforming_strings = on[0m
  [4;36;1mSQL (0.1ms)[0m   [0;1mSET client_min_messages TO 'notice'[0m


Processing Admin::LayoutsController#index (for 127.0.0.1 at 2012-01-02 19:10:20) [GET]
  Parameters: {"action"=>"index", "controller"=>"admin/layouts"}
  [4;35;1mUser Load (0.8ms)[0m   [0mSELECT * FROM "users" WHERE ("users"."id" = 1) ORDER BY name[0m
Cache read: Radiant.cache_mtime
Cache read: Radiant::Config
Cache read: Radiant.cache_mtime
Cache read: Radiant::Config
Cache read: Radiant.cache_mtime
Cache read: Radiant::Config
  [4;36;1mLayout Load (1.0ms)[0m   [0;1mSELECT * FROM "layouts" ORDER BY name LIMIT 50 OFFSET 0[0m
Rendering template within layouts/application
Rendering admin/layouts/index
Cache read: Radiant.cache_mtime
Cache read: Radiant::Config
Cache read: Radiant.cache_mtime
Cache read: Radiant::Config
Cache read: Radiant.cache_mtime
Cache read: Radiant::Config
Completed in 96ms (View: 81, DB: 2) | 200 OK [http://localhost/admin/layouts]
  [4;35;1mSQL (0.9ms)[0m   [0mSELECT DISTINCT class_name FROM pages WHERE class_name <> '' AND class_name IS NOT NULL[0m
